[01m[K/home/brown/Projects/MiningRobot/ros2_workspace/src/aurora_core/src/aurora_node_core.cpp:[m[K In function â€˜[01m[Kint[01;32m[K main[m[K(int, char**)[m[Kâ€™:
[01m[K/home/brown/Projects/MiningRobot/ros2_workspace/src/aurora_core/src/aurora_node_core.cpp:138:33:[m[K [01;31m[Kerror: [m[Kcannot convert â€˜[01m[Kstd::ostream[m[Kâ€™ {aka â€˜[01m[Kstd::basic_ostream<char>[m[Kâ€™} to â€˜[01m[KFILE*[m[Kâ€™
  138 |         if (writes) fflush([01;31m[Kstd::cout[m[K);
      |                            [01;31m[K~~~~~^~~~[m[K
      |                                 [01;31m[K|[m[K
      |                                 [01;31m[Kstd::ostream {aka std::basic_ostream<char>}[m[K
In file included from [01m[K/usr/include/c++/13.2.1/cstdio:42[m[K,
                 from [01m[K/usr/include/c++/13.2.1/ext/string_conversions.h:45[m[K,
                 from [01m[K/usr/include/c++/13.2.1/bits/basic_string.h:4097[m[K,
                 from [01m[K/usr/include/c++/13.2.1/string:54[m[K,
                 from [01m[K/usr/include/c++/13.2.1/bits/locale_classes.h:40[m[K,
                 from [01m[K/usr/include/c++/13.2.1/bits/ios_base.h:41[m[K,
                 from [01m[K/usr/include/c++/13.2.1/ios:44[m[K,
                 from [01m[K/usr/include/c++/13.2.1/ostream:40[m[K,
                 from [01m[K/usr/include/c++/13.2.1/iostream:41[m[K,
                 from [01m[K/home/brown/Projects/MiningRobot/ros2_workspace/src/aurora_core/src/aurora_node_core.cpp:8[m[K:
[01m[K/usr/include/stdio.h:235:26:[m[K [01;36m[Knote: [m[K  initializing argument 1 of â€˜[01m[Kint[01;32m[K fflush[m[K(FILE*)[m[Kâ€™
  235 | extern int fflush ([01;36m[KFILE *__stream[m[K);
      |                    [01;36m[K~~~~~~^~~~~~~~[m[K
make[2]: *** [CMakeFiles/aurora_node_core.dir/build.make:76: CMakeFiles/aurora_node_core.dir/src/aurora_node_core.cpp.o] Error 1
make[1]: *** [CMakeFiles/Makefile2:137: CMakeFiles/aurora_node_core.dir/all] Error 2
make: *** [Makefile:146: all] Error 2
