[ 50%] [32mBuilding CXX object CMakeFiles/aurora_node_core.dir/src/aurora_node_core.cpp.o[0m
[01m[K/home/brown/Projects/MiningRobot/ros2_workspace/src/aurora_core/src/aurora_node_core.cpp:8:5:[m[K [01;31m[Kerror: [m[Kredefinition of â€˜[01m[Kint[01;32m[K main[m[K(int, char**)[m[Kâ€™
    8 | int [01;31m[Kmain[m[K(int argc,char *argv[]) {
      |     [01;31m[K^~~~[m[K
In file included from [01m[K/home/brown/Projects/MiningRobot/ros2_workspace/src/aurora_core/src/aurora_node_core.cpp:6[m[K:
[01m[K/home/brown/Projects/MiningRobot/ros2_workspace/src/aurora_core/include/base/autonomy/lunabug/exchange_read.cpp:65:5:[m[K [01;36m[Knote: [m[Kâ€˜[01m[Kint[01;32m[K main[m[K(int, char**)[m[Kâ€™ previously defined here
   65 | int [01;36m[Kmain[m[K(int argc,char *argv[]) {
      |     [01;36m[K^~~~[m[K
make[2]: *** [CMakeFiles/aurora_node_core.dir/build.make:76: CMakeFiles/aurora_node_core.dir/src/aurora_node_core.cpp.o] Error 1
make[1]: *** [CMakeFiles/Makefile2:137: CMakeFiles/aurora_node_core.dir/all] Error 2
make: *** [Makefile:146: all] Error 2
